<?xml version="1.0" encoding="UTF-8" standalone="no"?>
<!DOCTYPE log SYSTEM "logger.dtd">
<log>
<record>
  <date>2019-07-31T21:07:01</date>
  <millis>1564589221439</millis>
  <sequence>0</sequence>
  <level>START</level>
  <class>com.kms.katalon.core.logging.XmlKeywordLogger</class>
  <method>startSuite</method>
  <thread>1</thread>
  <message>Start Test Suite : Test Suites/Visit Dubai TC Trip Planener</message>
  <nestedLevel>0</nestedLevel>
  <property name="name">Visit Dubai TC Trip Planener</property>
  <property name="description"></property>
  <property name="id">Test Suites/Visit Dubai TC Trip Planener</property>
</record>
<record>
  <date>2019-07-31T21:07:01</date>
  <millis>1564589221449</millis>
  <sequence>1</sequence>
  <level>RUN_DATA</level>
  <class>com.kms.katalon.core.logging.XmlKeywordLogger</class>
  <method>logMessage</method>
  <thread>1</thread>
  <message>hostName = rabeet - SQA-02-004.ovrlod.pk</message>
  <nestedLevel>0</nestedLevel>
  <property name="hostName">rabeet - SQA-02-004.ovrlod.pk</property>
</record>
<record>
  <date>2019-07-31T21:07:01</date>
  <millis>1564589221449</millis>
  <sequence>2</sequence>
  <level>RUN_DATA</level>
  <class>com.kms.katalon.core.logging.XmlKeywordLogger</class>
  <method>logMessage</method>
  <thread>1</thread>
  <message>os = Windows 10 64bit</message>
  <nestedLevel>0</nestedLevel>
  <property name="os">Windows 10 64bit</property>
</record>
<record>
  <date>2019-07-31T21:07:01</date>
  <millis>1564589221450</millis>
  <sequence>3</sequence>
  <level>RUN_DATA</level>
  <class>com.kms.katalon.core.logging.XmlKeywordLogger</class>
  <method>logMessage</method>
  <thread>1</thread>
  <message>hostAddress = 192.168.168.23</message>
  <nestedLevel>0</nestedLevel>
  <property name="hostAddress">192.168.168.23</property>
</record>
<record>
  <date>2019-07-31T21:07:01</date>
  <millis>1564589221450</millis>
  <sequence>4</sequence>
  <level>RUN_DATA</level>
  <class>com.kms.katalon.core.logging.XmlKeywordLogger</class>
  <method>logMessage</method>
  <thread>1</thread>
  <message>katalonVersion = 6.1.5.3</message>
  <nestedLevel>0</nestedLevel>
  <property name="katalonVersion">6.1.5.3</property>
</record>
