<?xml version="1.0" encoding="UTF-8" standalone="no"?>
<!DOCTYPE log SYSTEM "logger.dtd">
<log>
<record>
  <date>2019-03-20T15:04:17</date>
  <millis>1553076257782</millis>
  <sequence>0</sequence>
  <level>START</level>
  <class>com.kms.katalon.core.logging.XmlKeywordLogger</class>
  <method>startSuite</method>
  <thread>1</thread>
  <message>Start Test Suite : Test Suites/DTCM QA Automation</message>
  <nestedLevel>0</nestedLevel>
  <property name="name">DTCM QA Automation</property>
  <property name="description"></property>
  <property name="id">Test Suites/DTCM QA Automation</property>
</record>
<record>
  <date>2019-03-20T15:04:17</date>
  <millis>1553076257793</millis>
  <sequence>1</sequence>
  <level>RUN_DATA</level>
  <class>com.kms.katalon.core.logging.XmlKeywordLogger</class>
  <method>logMessage</method>
  <thread>1</thread>
  <message>hostName = rabeet - SQA-02-004.ovrlod.pk</message>
  <nestedLevel>0</nestedLevel>
  <property name="hostName">rabeet - SQA-02-004.ovrlod.pk</property>
</record>
<record>
  <date>2019-03-20T15:04:17</date>
  <millis>1553076257794</millis>
  <sequence>2</sequence>
  <level>RUN_DATA</level>
  <class>com.kms.katalon.core.logging.XmlKeywordLogger</class>
  <method>logMessage</method>
  <thread>1</thread>
  <message>os = Windows 10 64bit</message>
  <nestedLevel>0</nestedLevel>
  <property name="os">Windows 10 64bit</property>
</record>
<record>
  <date>2019-03-20T15:04:17</date>
  <millis>1553076257794</millis>
  <sequence>3</sequence>
  <level>RUN_DATA</level>
  <class>com.kms.katalon.core.logging.XmlKeywordLogger</class>
  <method>logMessage</method>
  <thread>1</thread>
  <message>hostAddress = 192.168.168.23</message>
  <nestedLevel>0</nestedLevel>
  <property name="hostAddress">192.168.168.23</property>
</record>
<record>
  <date>2019-03-20T15:04:17</date>
  <millis>1553076257795</millis>
  <sequence>4</sequence>
  <level>RUN_DATA</level>
  <class>com.kms.katalon.core.logging.XmlKeywordLogger</class>
  <method>logMessage</method>
  <thread>1</thread>
  <message>katalonVersion = 6.0.5.10</message>
  <nestedLevel>0</nestedLevel>
  <property name="katalonVersion">6.0.5.10</property>
</record>
<record>
  <date>2019-03-20T15:04:17</date>
  <millis>1553076257936</millis>
  <sequence>5</sequence>
  <level>START</level>
  <class>com.kms.katalon.core.logging.XmlKeywordLogger</class>
  <method>startTest</method>
  <thread>1</thread>
  <message>Start Test Case : Test Cases/DTCM/Login and logout/DTCM Invalid Login Scenario</message>
  <nestedLevel>1</nestedLevel>
  <property name="name">Test Cases/DTCM/Login and logout/DTCM Invalid Login Scenario</property>
  <property name="description"></property>
  <property name="id">Test Cases/DTCM/Login and logout/DTCM Invalid Login Scenario</property>
  <property name="source">C:\\Users\\rabeet\\Katalon Studio\\DTCM QA Automation\\Test Cases\\DTCM\\Login and logout\\DTCM Invalid Login Scenario.tc</property>
  <property name="isOptional">false</property>
</record>
<record>
  <date>2019-03-20T15:04:18</date>
  <millis>1553076258200</millis>
  <sequence>7</sequence>
  <level>START</level>
  <class>com.kms.katalon.core.logging.XmlKeywordLogger</class>
  <method>startKeyword</method>
  <thread>1</thread>
  <message>Start action : openBrowser(\&amp;quot;https://www.google.com/\&amp;quot;)</message>
  <nestedLevel>1</nestedLevel>
  <property name="startLine">32</property>
  <property name="stepIndex">1</property>
</record>
</log>